2019-05-29 13:39:10.567  INFO 10800 --- [main] EnableEncryptablePropertiesConfiguration : Bootstraping jasypt-string-boot auto configuration in context: application-1
2019-05-29 13:39:10.568  INFO 10800 --- [main] c.s.w.WeatherReportServerApplication     : No active profile set, falling back to default profiles: default
2019-05-29 13:39:11.024  INFO 10800 --- [main] .s.d.r.c.RepositoryConfigurationDelegate : Multiple Spring Data modules found, entering strict repository configuration mode!
2019-05-29 13:39:11.027  INFO 10800 --- [main] .s.d.r.c.RepositoryConfigurationDelegate : Bootstrapping Spring Data repositories in DEFAULT mode.
2019-05-29 13:39:11.054  INFO 10800 --- [main] .s.d.r.c.RepositoryConfigurationDelegate : Finished Spring Data repository scanning in 14ms. Found 0 repository interfaces.
2019-05-29 13:39:11.287  INFO 10800 --- [main] o.s.cloud.context.scope.GenericScope     : BeanFactory id=03547556-a3be-3a48-a927-2b5fa5fd7734
2019-05-29 13:39:11.292  INFO 10800 --- [main] ptablePropertiesBeanFactoryPostProcessor : Post-processing PropertySource instances
2019-05-29 13:39:11.311  INFO 10800 --- [main] c.u.j.EncryptablePropertySourceConverter : Converting PropertySource configurationProperties [org.springframework.boot.context.properties.source.ConfigurationPropertySourcesPropertySource] to AOP Proxy
2019-05-29 13:39:11.312  INFO 10800 --- [main] c.u.j.EncryptablePropertySourceConverter : Converting PropertySource commandLineArgs [org.springframework.core.env.SimpleCommandLinePropertySource] to EncryptableEnumerablePropertySourceWrapper
2019-05-29 13:39:11.313  INFO 10800 --- [main] c.u.j.EncryptablePropertySourceConverter : Converting PropertySource servletConfigInitParams [org.springframework.core.env.PropertySource$StubPropertySource] to EncryptablePropertySourceWrapper
2019-05-29 13:39:11.313  INFO 10800 --- [main] c.u.j.EncryptablePropertySourceConverter : Converting PropertySource servletContextInitParams [org.springframework.core.env.PropertySource$StubPropertySource] to EncryptablePropertySourceWrapper
2019-05-29 13:39:11.314  INFO 10800 --- [main] c.u.j.EncryptablePropertySourceConverter : Converting PropertySource systemProperties [org.springframework.core.env.MapPropertySource] to EncryptableMapPropertySourceWrapper
2019-05-29 13:39:11.316  INFO 10800 --- [main] c.u.j.EncryptablePropertySourceConverter : Converting PropertySource systemEnvironment [org.springframework.boot.env.SystemEnvironmentPropertySourceEnvironmentPostProcessor$OriginAwareSystemEnvironmentPropertySource] to EncryptableMapPropertySourceWrapper
2019-05-29 13:39:11.317  INFO 10800 --- [main] c.u.j.EncryptablePropertySourceConverter : Converting PropertySource random [org.springframework.boot.env.RandomValuePropertySource] to EncryptablePropertySourceWrapper
2019-05-29 13:39:11.317  INFO 10800 --- [main] c.u.j.EncryptablePropertySourceConverter : Converting PropertySource applicationConfig: [classpath:/application.properties] [org.springframework.boot.env.OriginTrackedMapPropertySource] to EncryptableMapPropertySourceWrapper
2019-05-29 13:39:11.318  INFO 10800 --- [main] c.u.j.EncryptablePropertySourceConverter : Converting PropertySource springCloudClientHostInfo [org.springframework.core.env.MapPropertySource] to EncryptableMapPropertySourceWrapper
2019-05-29 13:39:11.319  INFO 10800 --- [main] c.u.j.EncryptablePropertySourceConverter : Converting PropertySource defaultProperties [org.springframework.core.env.MapPropertySource] to EncryptableMapPropertySourceWrapper
2019-05-29 13:39:11.333  INFO 10800 --- [main] c.u.j.filter.DefaultLazyPropertyFilter   : Property Filter custom Bean not found with name 'encryptablePropertyFilter'. Initializing Default Property Filter
2019-05-29 13:39:11.425  INFO 10800 --- [main] trationDelegate$BeanPostProcessorChecker : Bean 'org.springframework.cloud.autoconfigure.ConfigurationPropertiesRebinderAutoConfiguration' of type [org.springframework.cloud.autoconfigure.ConfigurationPropertiesRebinderAutoConfiguration$$EnhancerBySpringCGLIB$$28f59fce] is not eligible for getting processed by all BeanPostProcessors (for example: not eligible for auto-proxying)
2019-05-29 13:39:11.486  INFO 10800 --- [main] c.u.j.r.DefaultLazyPropertyResolver      : Property Resolver custom Bean not found with name 'encryptablePropertyResolver'. Initializing Default Property Resolver
2019-05-29 13:39:11.492  INFO 10800 --- [main] c.u.j.d.DefaultLazyPropertyDetector      : Property Detector custom Bean not found with name 'encryptablePropertyDetector'. Initializing Default Property Detector
2019-05-29 13:39:12.241  INFO 10800 --- [main] o.s.b.w.embedded.tomcat.TomcatWebServer  : Tomcat initialized with port(s): 7005 (http)
2019-05-29 13:39:12.306  INFO 10800 --- [main] o.apache.catalina.core.StandardService   : Starting service [Tomcat]
2019-05-29 13:39:12.306  INFO 10800 --- [main] org.apache.catalina.core.StandardEngine  : Starting Servlet engine: [Apache Tomcat/9.0.19]
2019-05-29 13:39:12.412  INFO 10800 --- [main] o.a.c.c.C.[Tomcat].[localhost].[/]       : Initializing Spring embedded WebApplicationContext
2019-05-29 13:39:12.413  INFO 10800 --- [main] o.s.web.context.ContextLoader            : Root WebApplicationContext: initialization completed in 1830 ms
2019-05-29 13:39:12.489  INFO 10800 --- [main] c.u.j.encryptor.DefaultLazyEncryptor     : String Encryptor custom Bean not found with name 'jasyptStringEncryptor'. Initializing Default String Encryptor
2019-05-29 13:39:12.503  INFO 10800 --- [main] c.u.j.encryptor.DefaultLazyEncryptor     : Encryptor config not found for property jasypt.encryptor.algorithm, using default value: PBEWithMD5AndDES
2019-05-29 13:39:12.503  INFO 10800 --- [main] c.u.j.encryptor.DefaultLazyEncryptor     : Encryptor config not found for property jasypt.encryptor.keyObtentionIterations, using default value: 1000
2019-05-29 13:39:12.504  INFO 10800 --- [main] c.u.j.encryptor.DefaultLazyEncryptor     : Encryptor config not found for property jasypt.encryptor.poolSize, using default value: 1
2019-05-29 13:39:12.504  INFO 10800 --- [main] c.u.j.encryptor.DefaultLazyEncryptor     : Encryptor config not found for property jasypt.encryptor.providerName, using default value: null
2019-05-29 13:39:12.504  INFO 10800 --- [main] c.u.j.encryptor.DefaultLazyEncryptor     : Encryptor config not found for property jasypt.encryptor.providerClassName, using default value: null
2019-05-29 13:39:12.505  INFO 10800 --- [main] c.u.j.encryptor.DefaultLazyEncryptor     : Encryptor config not found for property jasypt.encryptor.saltGeneratorClassname, using default value: org.jasypt.salt.RandomSaltGenerator
2019-05-29 13:39:12.506  INFO 10800 --- [main] c.u.j.encryptor.DefaultLazyEncryptor     : Encryptor config not found for property jasypt.encryptor.ivGeneratorClassname, using default value: org.jasypt.salt.NoOpIVGenerator
2019-05-29 13:39:12.507  INFO 10800 --- [main] c.u.j.encryptor.DefaultLazyEncryptor     : Encryptor config not found for property jasypt.encryptor.stringOutputType, using default value: base64
2019-05-29 13:39:13.318  WARN 10800 --- [main] c.n.c.sources.URLConfigurationSource     : No URLs will be polled as dynamic configuration sources.
2019-05-29 13:39:13.319  INFO 10800 --- [main] c.n.c.sources.URLConfigurationSource     : To enable URLs as dynamic configuration sources, define System property archaius.configurationSource.additionalUrls or make config.properties available on classpath.
2019-05-29 13:39:13.326  WARN 10800 --- [main] c.n.c.sources.URLConfigurationSource     : No URLs will be polled as dynamic configuration sources.
2019-05-29 13:39:13.327  INFO 10800 --- [main] c.n.c.sources.URLConfigurationSource     : To enable URLs as dynamic configuration sources, define System property archaius.configurationSource.additionalUrls or make config.properties available on classpath.
2019-05-29 13:39:13.574  INFO 10800 --- [main] o.s.s.concurrent.ThreadPoolTaskExecutor  : Initializing ExecutorService 'applicationTaskExecutor'
2019-05-29 13:39:15.218  INFO 10800 --- [main] o.s.c.n.eureka.InstanceInfoFactory       : Setting initial instance status as: STARTING
2019-05-29 13:39:15.271  INFO 10800 --- [main] com.netflix.discovery.DiscoveryClient    : Initializing Eureka in region us-east-1
2019-05-29 13:39:15.384  INFO 10800 --- [main] c.n.d.provider.DiscoveryJerseyProvider   : Using JSON encoding codec LegacyJacksonJson
2019-05-29 13:39:15.385  INFO 10800 --- [main] c.n.d.provider.DiscoveryJerseyProvider   : Using JSON decoding codec LegacyJacksonJson
2019-05-29 13:39:15.572  INFO 10800 --- [main] c.n.d.provider.DiscoveryJerseyProvider   : Using XML encoding codec XStreamXml
2019-05-29 13:39:15.573  INFO 10800 --- [main] c.n.d.provider.DiscoveryJerseyProvider   : Using XML decoding codec XStreamXml
2019-05-29 13:39:15.761  INFO 10800 --- [main] c.n.d.s.r.aws.ConfigClusterResolver      : Resolving eureka endpoints via configuration
2019-05-29 13:39:16.054  INFO 10800 --- [main] com.netflix.discovery.DiscoveryClient    : Disable delta property : false
2019-05-29 13:39:16.055  INFO 10800 --- [main] com.netflix.discovery.DiscoveryClient    : Single vip registry refresh property : null
2019-05-29 13:39:16.055  INFO 10800 --- [main] com.netflix.discovery.DiscoveryClient    : Force full registry fetch : false
2019-05-29 13:39:16.056  INFO 10800 --- [main] com.netflix.discovery.DiscoveryClient    : Application is null : false
2019-05-29 13:39:16.056  INFO 10800 --- [main] com.netflix.discovery.DiscoveryClient    : Registered Applications size is zero : true
2019-05-29 13:39:16.057  INFO 10800 --- [main] com.netflix.discovery.DiscoveryClient    : Application version is -1: true
2019-05-29 13:39:16.057  INFO 10800 --- [main] com.netflix.discovery.DiscoveryClient    : Getting all instance registry info from the eureka server
2019-05-29 13:39:16.264  INFO 10800 --- [main] com.netflix.discovery.DiscoveryClient    : The response status is 200
2019-05-29 13:39:16.267  INFO 10800 --- [main] com.netflix.discovery.DiscoveryClient    : Starting heartbeat executor: renew interval is: 30
2019-05-29 13:39:16.269  INFO 10800 --- [main] c.n.discovery.InstanceInfoReplicator     : InstanceInfoReplicator onDemand update allowed rate per min is 4
2019-05-29 13:39:16.273  INFO 10800 --- [main] com.netflix.discovery.DiscoveryClient    : Discovery Client initialized at timestamp 1559108356272 with initial instances count: 4
2019-05-29 13:39:16.274  INFO 10800 --- [main] o.s.c.n.e.s.EurekaServiceRegistry        : Registering application WEATHER-REPORT-SERVER with eureka with status UP
2019-05-29 13:39:16.275  INFO 10800 --- [main] com.netflix.discovery.DiscoveryClient    : Saw local status change event StatusChangeEvent [timestamp=1559108356275, current=UP, previous=STARTING]
2019-05-29 13:39:16.277  INFO 10800 --- [DiscoveryClient-InstanceInfoReplicator-0] com.netflix.discovery.DiscoveryClient    : DiscoveryClient_WEATHER-REPORT-SERVER/DESKTOP-1BJ306V:weather-report-server:7005: registering service...
2019-05-29 13:39:16.316  INFO 10800 --- [DiscoveryClient-InstanceInfoReplicator-0] com.netflix.discovery.DiscoveryClient    : DiscoveryClient_WEATHER-REPORT-SERVER/DESKTOP-1BJ306V:weather-report-server:7005 - registration status: 204
2019-05-29 13:39:16.324  INFO 10800 --- [main] o.s.b.w.embedded.tomcat.TomcatWebServer  : Tomcat started on port(s): 7005 (http) with context path ''
2019-05-29 13:39:16.325  INFO 10800 --- [main] .s.c.n.e.s.EurekaAutoServiceRegistration : Updating port to 7005
2019-05-29 13:39:16.328  INFO 10800 --- [main] c.s.w.WeatherReportServerApplication     : Started WeatherReportServerApplication in 8.168 seconds (JVM running for 8.705)
2019-05-29 13:39:33.434  INFO 9928 --- [main] EnableEncryptablePropertiesConfiguration : Bootstraping jasypt-string-boot auto configuration in context: application-1
2019-05-29 13:39:33.435  INFO 9928 --- [main] c.s.w.WeatherReportServerApplication     : No active profile set, falling back to default profiles: default
2019-05-29 13:39:33.903  INFO 9928 --- [main] .s.d.r.c.RepositoryConfigurationDelegate : Multiple Spring Data modules found, entering strict repository configuration mode!
2019-05-29 13:39:33.906  INFO 9928 --- [main] .s.d.r.c.RepositoryConfigurationDelegate : Bootstrapping Spring Data repositories in DEFAULT mode.
2019-05-29 13:39:33.933  INFO 9928 --- [main] .s.d.r.c.RepositoryConfigurationDelegate : Finished Spring Data repository scanning in 13ms. Found 0 repository interfaces.
2019-05-29 13:39:34.172  INFO 9928 --- [main] o.s.cloud.context.scope.GenericScope     : BeanFactory id=03547556-a3be-3a48-a927-2b5fa5fd7734
2019-05-29 13:39:34.177  INFO 9928 --- [main] ptablePropertiesBeanFactoryPostProcessor : Post-processing PropertySource instances
2019-05-29 13:39:34.194  INFO 9928 --- [main] c.u.j.EncryptablePropertySourceConverter : Converting PropertySource configurationProperties [org.springframework.boot.context.properties.source.ConfigurationPropertySourcesPropertySource] to AOP Proxy
2019-05-29 13:39:34.195  INFO 9928 --- [main] c.u.j.EncryptablePropertySourceConverter : Converting PropertySource commandLineArgs [org.springframework.core.env.SimpleCommandLinePropertySource] to EncryptableEnumerablePropertySourceWrapper
2019-05-29 13:39:34.196  INFO 9928 --- [main] c.u.j.EncryptablePropertySourceConverter : Converting PropertySource servletConfigInitParams [org.springframework.core.env.PropertySource$StubPropertySource] to EncryptablePropertySourceWrapper
2019-05-29 13:39:34.197  INFO 9928 --- [main] c.u.j.EncryptablePropertySourceConverter : Converting PropertySource servletContextInitParams [org.springframework.core.env.PropertySource$StubPropertySource] to EncryptablePropertySourceWrapper
2019-05-29 13:39:34.197  INFO 9928 --- [main] c.u.j.EncryptablePropertySourceConverter : Converting PropertySource systemProperties [org.springframework.core.env.MapPropertySource] to EncryptableMapPropertySourceWrapper
2019-05-29 13:39:34.198  INFO 9928 --- [main] c.u.j.EncryptablePropertySourceConverter : Converting PropertySource systemEnvironment [org.springframework.boot.env.SystemEnvironmentPropertySourceEnvironmentPostProcessor$OriginAwareSystemEnvironmentPropertySource] to EncryptableMapPropertySourceWrapper
2019-05-29 13:39:34.199  INFO 9928 --- [main] c.u.j.EncryptablePropertySourceConverter : Converting PropertySource random [org.springframework.boot.env.RandomValuePropertySource] to EncryptablePropertySourceWrapper
2019-05-29 13:39:34.200  INFO 9928 --- [main] c.u.j.EncryptablePropertySourceConverter : Converting PropertySource applicationConfig: [classpath:/application.properties] [org.springframework.boot.env.OriginTrackedMapPropertySource] to EncryptableMapPropertySourceWrapper
2019-05-29 13:39:34.201  INFO 9928 --- [main] c.u.j.EncryptablePropertySourceConverter : Converting PropertySource springCloudClientHostInfo [org.springframework.core.env.MapPropertySource] to EncryptableMapPropertySourceWrapper
2019-05-29 13:39:34.202  INFO 9928 --- [main] c.u.j.EncryptablePropertySourceConverter : Converting PropertySource defaultProperties [org.springframework.core.env.MapPropertySource] to EncryptableMapPropertySourceWrapper
2019-05-29 13:39:34.214  INFO 9928 --- [main] c.u.j.filter.DefaultLazyPropertyFilter   : Property Filter custom Bean not found with name 'encryptablePropertyFilter'. Initializing Default Property Filter
2019-05-29 13:39:34.295  INFO 9928 --- [main] trationDelegate$BeanPostProcessorChecker : Bean 'org.springframework.cloud.autoconfigure.ConfigurationPropertiesRebinderAutoConfiguration' of type [org.springframework.cloud.autoconfigure.ConfigurationPropertiesRebinderAutoConfiguration$$EnhancerBySpringCGLIB$$278f66db] is not eligible for getting processed by all BeanPostProcessors (for example: not eligible for auto-proxying)
2019-05-29 13:39:34.356  INFO 9928 --- [main] c.u.j.r.DefaultLazyPropertyResolver      : Property Resolver custom Bean not found with name 'encryptablePropertyResolver'. Initializing Default Property Resolver
2019-05-29 13:39:34.361  INFO 9928 --- [main] c.u.j.d.DefaultLazyPropertyDetector      : Property Detector custom Bean not found with name 'encryptablePropertyDetector'. Initializing Default Property Detector
2019-05-29 13:39:35.116  INFO 9928 --- [main] o.s.b.w.embedded.tomcat.TomcatWebServer  : Tomcat initialized with port(s): 7006 (http)
2019-05-29 13:39:35.150  INFO 9928 --- [main] o.apache.catalina.core.StandardService   : Starting service [Tomcat]
2019-05-29 13:39:35.151  INFO 9928 --- [main] org.apache.catalina.core.StandardEngine  : Starting Servlet engine: [Apache Tomcat/9.0.19]
2019-05-29 13:39:35.258  INFO 9928 --- [main] o.a.c.c.C.[Tomcat].[localhost].[/]       : Initializing Spring embedded WebApplicationContext
2019-05-29 13:39:35.260  INFO 9928 --- [main] o.s.web.context.ContextLoader            : Root WebApplicationContext: initialization completed in 1811 ms
2019-05-29 13:39:35.336  INFO 9928 --- [main] c.u.j.encryptor.DefaultLazyEncryptor     : String Encryptor custom Bean not found with name 'jasyptStringEncryptor'. Initializing Default String Encryptor
2019-05-29 13:39:35.350  INFO 9928 --- [main] c.u.j.encryptor.DefaultLazyEncryptor     : Encryptor config not found for property jasypt.encryptor.algorithm, using default value: PBEWithMD5AndDES
2019-05-29 13:39:35.351  INFO 9928 --- [main] c.u.j.encryptor.DefaultLazyEncryptor     : Encryptor config not found for property jasypt.encryptor.keyObtentionIterations, using default value: 1000
2019-05-29 13:39:35.351  INFO 9928 --- [main] c.u.j.encryptor.DefaultLazyEncryptor     : Encryptor config not found for property jasypt.encryptor.poolSize, using default value: 1
2019-05-29 13:39:35.352  INFO 9928 --- [main] c.u.j.encryptor.DefaultLazyEncryptor     : Encryptor config not found for property jasypt.encryptor.providerName, using default value: null
2019-05-29 13:39:35.352  INFO 9928 --- [main] c.u.j.encryptor.DefaultLazyEncryptor     : Encryptor config not found for property jasypt.encryptor.providerClassName, using default value: null
2019-05-29 13:39:35.353  INFO 9928 --- [main] c.u.j.encryptor.DefaultLazyEncryptor     : Encryptor config not found for property jasypt.encryptor.saltGeneratorClassname, using default value: org.jasypt.salt.RandomSaltGenerator
2019-05-29 13:39:35.354  INFO 9928 --- [main] c.u.j.encryptor.DefaultLazyEncryptor     : Encryptor config not found for property jasypt.encryptor.ivGeneratorClassname, using default value: org.jasypt.salt.NoOpIVGenerator
2019-05-29 13:39:35.355  INFO 9928 --- [main] c.u.j.encryptor.DefaultLazyEncryptor     : Encryptor config not found for property jasypt.encryptor.stringOutputType, using default value: base64
2019-05-29 13:39:36.162  WARN 9928 --- [main] c.n.c.sources.URLConfigurationSource     : No URLs will be polled as dynamic configuration sources.
2019-05-29 13:39:36.163  INFO 9928 --- [main] c.n.c.sources.URLConfigurationSource     : To enable URLs as dynamic configuration sources, define System property archaius.configurationSource.additionalUrls or make config.properties available on classpath.
2019-05-29 13:39:36.169  WARN 9928 --- [main] c.n.c.sources.URLConfigurationSource     : No URLs will be polled as dynamic configuration sources.
2019-05-29 13:39:36.170  INFO 9928 --- [main] c.n.c.sources.URLConfigurationSource     : To enable URLs as dynamic configuration sources, define System property archaius.configurationSource.additionalUrls or make config.properties available on classpath.
2019-05-29 13:39:36.413  INFO 9928 --- [main] o.s.s.concurrent.ThreadPoolTaskExecutor  : Initializing ExecutorService 'applicationTaskExecutor'
2019-05-29 13:39:38.123  INFO 9928 --- [main] o.s.c.n.eureka.InstanceInfoFactory       : Setting initial instance status as: STARTING
2019-05-29 13:39:38.178  INFO 9928 --- [main] com.netflix.discovery.DiscoveryClient    : Initializing Eureka in region us-east-1
2019-05-29 13:39:38.291  INFO 9928 --- [main] c.n.d.provider.DiscoveryJerseyProvider   : Using JSON encoding codec LegacyJacksonJson
2019-05-29 13:39:38.292  INFO 9928 --- [main] c.n.d.provider.DiscoveryJerseyProvider   : Using JSON decoding codec LegacyJacksonJson
2019-05-29 13:39:38.470  INFO 9928 --- [main] c.n.d.provider.DiscoveryJerseyProvider   : Using XML encoding codec XStreamXml
2019-05-29 13:39:38.472  INFO 9928 --- [main] c.n.d.provider.DiscoveryJerseyProvider   : Using XML decoding codec XStreamXml
2019-05-29 13:39:38.661  INFO 9928 --- [main] c.n.d.s.r.aws.ConfigClusterResolver      : Resolving eureka endpoints via configuration
2019-05-29 13:39:38.949  INFO 9928 --- [main] com.netflix.discovery.DiscoveryClient    : Disable delta property : false
2019-05-29 13:39:38.949  INFO 9928 --- [main] com.netflix.discovery.DiscoveryClient    : Single vip registry refresh property : null
2019-05-29 13:39:38.950  INFO 9928 --- [main] com.netflix.discovery.DiscoveryClient    : Force full registry fetch : false
2019-05-29 13:39:38.950  INFO 9928 --- [main] com.netflix.discovery.DiscoveryClient    : Application is null : false
2019-05-29 13:39:38.950  INFO 9928 --- [main] com.netflix.discovery.DiscoveryClient    : Registered Applications size is zero : true
2019-05-29 13:39:38.951  INFO 9928 --- [main] com.netflix.discovery.DiscoveryClient    : Application version is -1: true
2019-05-29 13:39:38.951  INFO 9928 --- [main] com.netflix.discovery.DiscoveryClient    : Getting all instance registry info from the eureka server
2019-05-29 13:39:39.160  INFO 9928 --- [main] com.netflix.discovery.DiscoveryClient    : The response status is 200
2019-05-29 13:39:39.164  INFO 9928 --- [main] com.netflix.discovery.DiscoveryClient    : Starting heartbeat executor: renew interval is: 30
2019-05-29 13:39:39.167  INFO 9928 --- [main] c.n.discovery.InstanceInfoReplicator     : InstanceInfoReplicator onDemand update allowed rate per min is 4
2019-05-29 13:39:39.171  INFO 9928 --- [main] com.netflix.discovery.DiscoveryClient    : Discovery Client initialized at timestamp 1559108379169 with initial instances count: 5
2019-05-29 13:39:39.172  INFO 9928 --- [main] o.s.c.n.e.s.EurekaServiceRegistry        : Registering application WEATHER-REPORT-SERVER with eureka with status UP
2019-05-29 13:39:39.173  INFO 9928 --- [main] com.netflix.discovery.DiscoveryClient    : Saw local status change event StatusChangeEvent [timestamp=1559108379173, current=UP, previous=STARTING]
2019-05-29 13:39:39.175  INFO 9928 --- [DiscoveryClient-InstanceInfoReplicator-0] com.netflix.discovery.DiscoveryClient    : DiscoveryClient_WEATHER-REPORT-SERVER/DESKTOP-1BJ306V:weather-report-server:7006: registering service...
2019-05-29 13:39:39.229  INFO 9928 --- [DiscoveryClient-InstanceInfoReplicator-0] com.netflix.discovery.DiscoveryClient    : DiscoveryClient_WEATHER-REPORT-SERVER/DESKTOP-1BJ306V:weather-report-server:7006 - registration status: 204
2019-05-29 13:39:39.240  INFO 9928 --- [main] o.s.b.w.embedded.tomcat.TomcatWebServer  : Tomcat started on port(s): 7006 (http) with context path ''
2019-05-29 13:39:39.241  INFO 9928 --- [main] .s.c.n.e.s.EurekaAutoServiceRegistration : Updating port to 7006
2019-05-29 13:39:39.244  INFO 9928 --- [main] c.s.w.WeatherReportServerApplication     : Started WeatherReportServerApplication in 8.296 seconds (JVM running for 8.853)
2019-05-29 13:41:08.915  INFO 10800 --- [http-nio-7005-exec-2] o.a.c.c.C.[Tomcat].[localhost].[/]       : Initializing Spring DispatcherServlet 'dispatcherServlet'
2019-05-29 13:41:08.917  INFO 10800 --- [http-nio-7005-exec-2] o.s.web.servlet.DispatcherServlet        : Initializing Servlet 'dispatcherServlet'
2019-05-29 13:41:08.930  INFO 10800 --- [http-nio-7005-exec-2] o.s.web.servlet.DispatcherServlet        : Completed initialization in 11 ms
2019-05-29 13:41:09.075  INFO 10800 --- [http-nio-7005-exec-2] io.lettuce.core.EpollProvider            : Starting without optional epoll library
2019-05-29 13:41:09.076  INFO 10800 --- [http-nio-7005-exec-2] io.lettuce.core.KqueueProvider           : Starting without optional kqueue library
2019-05-29 13:41:09.916  INFO 9928 --- [http-nio-7006-exec-10] o.a.c.c.C.[Tomcat].[localhost].[/]       : Initializing Spring DispatcherServlet 'dispatcherServlet'
2019-05-29 13:41:09.917  INFO 9928 --- [http-nio-7006-exec-10] o.s.web.servlet.DispatcherServlet        : Initializing Servlet 'dispatcherServlet'
2019-05-29 13:41:09.925  INFO 9928 --- [http-nio-7006-exec-10] o.s.web.servlet.DispatcherServlet        : Completed initialization in 8 ms
2019-05-29 13:41:09.968  INFO 10800 --- [http-nio-7005-exec-2] c.s.w.s.impl.WeatherReportServiceImpl    : Searching in Redis, the message is: {"data":{"yesterday":{"date":"28日星期二","high":"高温 18℃","fx":"无持续风向","low":"低温 14℃","fl":"<![CDATA[<3级]]>","type":"多云"},"city":"都江堰","forecast":[{"date":"29日星期三","high":"高温 18℃","fengli":"<![CDATA[<3级]]>","low":"低温 14℃","fengxiang":"无持续风向","type":"小雨"},{"date":"30日星期四","high":"高温 23℃","fengli":"<![CDATA[<3级]]>","low":"低温 16℃","fengxiang":"无持续风向","type":"阴"},{"date":"31日星期五","high":"高温 26℃","fengli":"<![CDATA[<3级]]>","low":"低温 19℃","fengxiang":"无持续风向","type":"阴"},{"date":"1日星期六","high":"高温 27℃","fengli":"<![CDATA[<3级]]>","low":"低温 18℃","fengxiang":"无持续风向","type":"多云"},{"date":"2日星期天","high":"高温 27℃","fengli":"<![CDATA[<3级]]>","low":"低温 19℃","fengxiang":"无持续风向","type":"多云"}],"ganmao":"天气较凉，较易发生感冒，请适当增加衣服。体质较弱的朋友尤其应该注意防护。","wendu":"15"},"status":1000,"desc":"OK"}
2019-05-29 13:41:10.079  INFO 9928 --- [http-nio-7006-exec-10] io.lettuce.core.EpollProvider            : Starting without optional epoll library
2019-05-29 13:41:10.080  INFO 9928 --- [http-nio-7006-exec-10] io.lettuce.core.KqueueProvider           : Starting without optional kqueue library
2019-05-29 13:41:10.962  INFO 9928 --- [http-nio-7006-exec-10] c.s.w.s.impl.WeatherReportServiceImpl    : Searching in Redis, the message is: {"data":{"yesterday":{"date":"28日星期二","high":"高温 18℃","fx":"无持续风向","low":"低温 14℃","fl":"<![CDATA[<3级]]>","type":"多云"},"city":"都江堰","forecast":[{"date":"29日星期三","high":"高温 18℃","fengli":"<![CDATA[<3级]]>","low":"低温 14℃","fengxiang":"无持续风向","type":"小雨"},{"date":"30日星期四","high":"高温 23℃","fengli":"<![CDATA[<3级]]>","low":"低温 16℃","fengxiang":"无持续风向","type":"阴"},{"date":"31日星期五","high":"高温 26℃","fengli":"<![CDATA[<3级]]>","low":"低温 19℃","fengxiang":"无持续风向","type":"阴"},{"date":"1日星期六","high":"高温 27℃","fengli":"<![CDATA[<3级]]>","low":"低温 18℃","fengxiang":"无持续风向","type":"多云"},{"date":"2日星期天","high":"高温 27℃","fengli":"<![CDATA[<3级]]>","low":"低温 19℃","fengxiang":"无持续风向","type":"多云"}],"ganmao":"天气较凉，较易发生感冒，请适当增加衣服。体质较弱的朋友尤其应该注意防护。","wendu":"15"},"status":1000,"desc":"OK"}
2019-05-29 13:41:50.515  INFO 9928 --- [http-nio-7006-exec-1] c.s.w.s.impl.WeatherReportServiceImpl    : Searching in Redis, the message is: {"data":{"yesterday":{"date":"28日星期二","high":"高温 32℃","fx":"西南风","low":"低温 16℃","fl":"<![CDATA[3-4级]]>","type":"晴"},"city":"北京","forecast":[{"date":"29日星期三","high":"高温 33℃","fengli":"<![CDATA[<3级]]>","low":"低温 22℃","fengxiang":"南风","type":"晴"},{"date":"30日星期四","high":"高温 29℃","fengli":"<![CDATA[3-4级]]>","low":"低温 16℃","fengxiang":"东北风","type":"多云"},{"date":"31日星期五","high":"高温 29℃","fengli":"<![CDATA[<3级]]>","low":"低温 18℃","fengxiang":"南风","type":"晴"},{"date":"1日星期六","high":"高温 32℃","fengli":"<![CDATA[<3级]]>","low":"低温 19℃","fengxiang":"南风","type":"多云"},{"date":"2日星期天","high":"高温 36℃","fengli":"<![CDATA[<3级]]>","low":"低温 22℃","fengxiang":"东风","type":"多云"}],"ganmao":"各项气象条件适宜，发生感冒机率较低。但请避免长期处于空调房间中，以防感冒。","wendu":"30"},"status":1000,"desc":"OK"}
2019-05-29 13:41:53.123  INFO 10800 --- [http-nio-7005-exec-3] c.s.w.s.impl.WeatherReportServiceImpl    : Searching in Redis, the message is: {"data":{"yesterday":{"date":"28日星期二","high":"高温 32℃","fx":"西南风","low":"低温 17℃","fl":"<![CDATA[3-4级]]>","type":"晴"},"city":"顺义","forecast":[{"date":"29日星期三","high":"高温 34℃","fengli":"<![CDATA[<3级]]>","low":"低温 22℃","fengxiang":"南风","type":"晴"},{"date":"30日星期四","high":"高温 29℃","fengli":"<![CDATA[3-4级]]>","low":"低温 16℃","fengxiang":"东北风","type":"多云"},{"date":"31日星期五","high":"高温 29℃","fengli":"<![CDATA[3-4级]]>","low":"低温 18℃","fengxiang":"南风","type":"晴"},{"date":"1日星期六","high":"高温 32℃","fengli":"<![CDATA[<3级]]>","low":"低温 19℃","fengxiang":"南风","type":"多云"},{"date":"2日星期天","high":"高温 36℃","fengli":"<![CDATA[<3级]]>","low":"低温 22℃","fengxiang":"东风","type":"多云"}],"ganmao":"各项气象条件适宜，发生感冒机率较低。但请避免长期处于空调房间中，以防感冒。","wendu":"31"},"status":1000,"desc":"OK"}
2019-05-29 13:41:54.856  INFO 9928 --- [http-nio-7006-exec-3] c.s.w.s.impl.WeatherReportServiceImpl    : Searching in Redis, the message is: {"data":{"yesterday":{"date":"28日星期二","high":"高温 32℃","fx":"西南风","low":"低温 13℃","fl":"<![CDATA[<3级]]>","type":"晴"},"city":"密云","forecast":[{"date":"29日星期三","high":"高温 32℃","fengli":"<![CDATA[<3级]]>","low":"低温 18℃","fengxiang":"西南风","type":"晴"},{"date":"30日星期四","high":"高温 28℃","fengli":"<![CDATA[3-4级]]>","low":"低温 13℃","fengxiang":"北风","type":"多云"},{"date":"31日星期五","high":"高温 29℃","fengli":"<![CDATA[<3级]]>","low":"低温 14℃","fengxiang":"西南风","type":"晴"},{"date":"1日星期六","high":"高温 32℃","fengli":"<![CDATA[<3级]]>","low":"低温 17℃","fengxiang":"西南风","type":"多云"},{"date":"2日星期天","high":"高温 35℃","fengli":"<![CDATA[<3级]]>","low":"低温 20℃","fengxiang":"东北风","type":"多云"}],"ganmao":"各项气象条件适宜，发生感冒机率较低。但请避免长期处于空调房间中，以防感冒。","wendu":"31"},"status":1000,"desc":"OK"}
2019-05-29 13:41:56.391  INFO 10800 --- [http-nio-7005-exec-4] c.s.w.s.impl.WeatherReportServiceImpl    : Searching in Redis, the message is: {"data":{"yesterday":{"date":"28日星期二","high":"高温 26℃","fx":"东北风","low":"低温 16℃","fl":"<![CDATA[<3级]]>","type":"多云"},"city":"闵行","forecast":[{"date":"29日星期三","high":"高温 28℃","fengli":"<![CDATA[<3级]]>","low":"低温 17℃","fengxiang":"东南风","type":"阴"},{"date":"30日星期四","high":"高温 26℃","fengli":"<![CDATA[3-4级]]>","low":"低温 20℃","fengxiang":"东南风","type":"小雨"},{"date":"31日星期五","high":"高温 26℃","fengli":"<![CDATA[3-4级]]>","low":"低温 18℃","fengxiang":"东北风","type":"小雨"},{"date":"1日星期六","high":"高温 28℃","fengli":"<![CDATA[3-4级]]>","low":"低温 18℃","fengxiang":"东北风","type":"多云"},{"date":"2日星期天","high":"高温 29℃","fengli":"<![CDATA[<3级]]>","low":"低温 19℃","fengxiang":"东南风","type":"多云"}],"ganmao":"各项气象条件适宜，无明显降温过程，发生感冒机率较低。","wendu":"27"},"status":1000,"desc":"OK"}
2019-05-29 13:42:08.305  INFO 9928 --- [http-nio-7006-exec-4] c.s.w.s.impl.WeatherReportServiceImpl    : Searching in Redis, the message is: {"data":{"yesterday":{"date":"28日星期二","high":"高温 27℃","fx":"西北风","low":"低温 22℃","fl":"<![CDATA[<3级]]>","type":"小雨"},"city":"云林","forecast":[{"date":"29日星期三","high":"高温 25℃","fengli":"<![CDATA[<3级]]>","low":"低温 21℃","fengxiang":"北风","type":"小雨"},{"date":"30日星期四","high":"高温 26℃","fengli":"<![CDATA[<3级]]>","low":"低温 23℃","fengxiang":"西南风","type":"中雨"},{"date":"31日星期五","high":"高温 27℃","fengli":"<![CDATA[<3级]]>","low":"低温 23℃","fengxiang":"西风","type":"中雨"},{"date":"1日星期六","high":"高温 28℃","fengli":"<![CDATA[<3级]]>","low":"低温 24℃","fengxiang":"东南风","type":"小雨"},{"date":"2日星期天","high":"高温 28℃","fengli":"<![CDATA[<3级]]>","low":"低温 24℃","fengxiang":"南风","type":"中雨"}],"ganmao":"各项气象条件适宜，无明显降温过程，发生感冒机率较低。","wendu":"27"},"status":1000,"desc":"OK"}
2019-05-29 13:42:19.011  INFO 10800 --- [http-nio-7005-exec-1] c.s.w.s.impl.WeatherReportServiceImpl    : Searching in Redis, the message is: {"data":{"yesterday":{"date":"28日星期二","high":"高温 27℃","fx":"西北风","low":"低温 22℃","fl":"<![CDATA[<3级]]>","type":"小雨"},"city":"彰化","forecast":[{"date":"29日星期三","high":"高温 25℃","fengli":"<![CDATA[<3级]]>","low":"低温 21℃","fengxiang":"北风","type":"小雨"},{"date":"30日星期四","high":"高温 26℃","fengli":"<![CDATA[<3级]]>","low":"低温 23℃","fengxiang":"西南风","type":"中雨"},{"date":"31日星期五","high":"高温 27℃","fengli":"<![CDATA[<3级]]>","low":"低温 23℃","fengxiang":"西风","type":"中雨"},{"date":"1日星期六","high":"高温 28℃","fengli":"<![CDATA[<3级]]>","low":"低温 24℃","fengxiang":"东南风","type":"小雨"},{"date":"2日星期天","high":"高温 28℃","fengli":"<![CDATA[<3级]]>","low":"低温 24℃","fengxiang":"南风","type":"中雨"}],"ganmao":"各项气象条件适宜，无明显降温过程，发生感冒机率较低。","wendu":"26"},"status":1000,"desc":"OK"}
2019-05-29 13:42:38.398  INFO 9928 --- [http-nio-7006-exec-7] c.s.w.s.impl.WeatherReportServiceImpl    : Searching in Redis, the message is: {"data":{"yesterday":{"date":"28日星期二","high":"高温 26℃","fx":"西北风","low":"低温 19℃","fl":"<![CDATA[<3级]]>","type":"大雨"},"city":"长汀","forecast":[{"date":"29日星期三","high":"高温 25℃","fengli":"<![CDATA[<3级]]>","low":"低温 20℃","fengxiang":"西北风","type":"阴"},{"date":"30日星期四","high":"高温 29℃","fengli":"<![CDATA[<3级]]>","low":"低温 22℃","fengxiang":"南风","type":"阴"},{"date":"31日星期五","high":"高温 27℃","fengli":"<![CDATA[<3级]]>","low":"低温 22℃","fengxiang":"南风","type":"中雨"},{"date":"1日星期六","high":"高温 27℃","fengli":"<![CDATA[<3级]]>","low":"低温 22℃","fengxiang":"西南风","type":"大雨"},{"date":"2日星期天","high":"高温 28℃","fengli":"<![CDATA[<3级]]>","low":"低温 23℃","fengxiang":"西北风","type":"大雨"}],"ganmao":"天气转凉，空气湿度较大，较易发生感冒，体质较弱的朋友请注意适当防护。","wendu":"23"},"status":1000,"desc":"OK"}
2019-05-29 13:43:30.919  INFO 10800 --- [http-nio-7005-exec-5] c.s.w.s.impl.WeatherReportServiceImpl    : Searching in Redis, the message is: {"data":{"yesterday":{"date":"28日星期二","high":"高温 26℃","fx":"东北风","low":"低温 19℃","fl":"<![CDATA[4-5级]]>","type":"小雨"},"city":"泉州","forecast":[{"date":"29日星期三","high":"高温 25℃","fengli":"<![CDATA[3-4级]]>","low":"低温 18℃","fengxiang":"东北风","type":"多云"},{"date":"30日星期四","high":"高温 27℃","fengli":"<![CDATA[<3级]]>","low":"低温 21℃","fengxiang":"东南风","type":"多云"},{"date":"31日星期五","high":"高温 29℃","fengli":"<![CDATA[3-4级]]>","low":"低温 24℃","fengxiang":"南风","type":"多云"},{"date":"1日星期六","high":"高温 29℃","fengli":"<![CDATA[3-4级]]>","low":"低温 24℃","fengxiang":"西南风","type":"小雨"},{"date":"2日星期天","high":"高温 29℃","fengli":"<![CDATA[3-4级]]>","low":"低温 24℃","fengxiang":"西南风","type":"中雨"}],"ganmao":"各项气象条件适宜，无明显降温过程，发生感冒机率较低。","wendu":"21"},"status":1000,"desc":"OK"}
2019-05-29 13:43:35.992  INFO 9928 --- [http-nio-7006-exec-6] c.s.w.s.impl.WeatherReportServiceImpl    : Searching in Redis, the message is: {"data":{"yesterday":{"date":"28日星期二","high":"高温 27℃","fx":"东北风","low":"低温 20℃","fl":"<![CDATA[3-4级]]>","type":"中雨"},"city":"同安","forecast":[{"date":"29日星期三","high":"高温 26℃","fengli":"<![CDATA[3-4级]]>","low":"低温 20℃","fengxiang":"东北风","type":"多云"},{"date":"30日星期四","high":"高温 28℃","fengli":"<![CDATA[<3级]]>","low":"低温 21℃","fengxiang":"南风","type":"多云"},{"date":"31日星期五","high":"高温 30℃","fengli":"<![CDATA[<3级]]>","low":"低温 24℃","fengxiang":"南风","type":"多云"},{"date":"1日星期六","high":"高温 30℃","fengli":"<![CDATA[<3级]]>","low":"低温 25℃","fengxiang":"西南风","type":"小雨"},{"date":"2日星期天","high":"高温 31℃","fengli":"<![CDATA[<3级]]>","low":"低温 25℃","fengxiang":"西风","type":"中雨"}],"ganmao":"相对今天出现了较大幅度降温，较易发生感冒，体质较弱的朋友请注意适当防护。","wendu":"22"},"status":1000,"desc":"OK"}
